<?xml version="1.0"?>
<ArrayOfExamRecord xmlns:xsi="http://www.w3.org/2001/XMLSchema-instance" xmlns:xsd="http://www.w3.org/2001/XMLSchema">
  <ExamRecord>
    <TestDate>08/11/2024</TestDate>
    <Name>Bailu</Name>
    <Category>Toán</Category>
    <Score>0</Score>
  </ExamRecord>
  <ExamRecord>
    <TestDate>08/11/2024</TestDate>
    <Name>Dat</Name>
    <Category>Toán</Category>
    <Score>0</Score>
  </ExamRecord>
</ArrayOfExamRecord>